2025-07-09 03:42:54 - playlist_manager - INFO - Added playlist: fuck you 40
2025-07-09 03:42:55 - playcount_scraper - INFO - Starting playcount extraction for 44 tracks
2025-07-09 03:42:55 - playcount_scraper - INFO - Using column name: Playcounts 09.07.2025
2025-07-09 03:43:05 - playcount_scraper - INFO - Successfully processed: All of This (Jorja Smith x GuiltyBeatz) by Jorja Smith - 11.34M plays
2025-07-09 03:43:06 - playcount_scraper - INFO - Successfully processed: Easier by Gordo - 0.89M plays
2025-07-09 03:43:07 - playcount_scraper - INFO - Successfully processed: Double XL by Junior Simba - 0.03M plays
2025-07-09 03:43:08 - playcount_scraper - INFO - Successfully processed: I Believe [Mixed] by Dindy - 0.84M plays
2025-07-09 03:43:09 - playcount_scraper - INFO - Successfully processed: Need To Know [Mixed] by Da Africa Deep - 0.67M plays
2025-07-09 03:43:10 - playcount_scraper - INFO - Successfully processed: Deep in the Bottom - of Africa by Monique Bingham - 17.26M plays
2025-07-09 03:43:11 - playcount_scraper - INFO - Successfully processed: Drum Hit by Argento Dust - 0.02M plays
2025-07-09 03:43:12 - playcount_scraper - INFO - Successfully processed: Don't Take It Personal [Mixed] by Jimi Jules - 0.45M plays
2025-07-09 03:43:13 - playcount_scraper - INFO - Successfully processed: Together - Oscar P Afro Dub by Carl Price - 0.01M plays
2025-07-09 03:43:14 - playcount_scraper - INFO - Successfully processed: KITTY ON TOP by Mysie - 0.75M plays
2025-07-09 03:43:15 - playcount_scraper - INFO - Successfully processed: Little Things - Floating Points Remix by Jorja Smith - 0.23M plays
2025-07-09 03:43:16 - playcount_scraper - INFO - Successfully processed: 1 Thing (DJibouti Dub) by DJibouti - 0.53M plays
2025-07-09 03:43:17 - playcount_scraper - INFO - Successfully processed: FOCUS by _BY.ALEXANDER - 1.26M plays
2025-07-09 03:43:18 - playcount_scraper - INFO - Successfully processed: That Civic Has A Laptop by West Code - 0.08M plays
2025-07-09 03:43:19 - playcount_scraper - INFO - Successfully processed: Rok da House by KETTAMA - 0.69M plays
2025-07-09 03:43:20 - playcount_scraper - INFO - Successfully processed: Sound of the Police by KETTAMA - 0.24M plays
2025-07-09 03:43:22 - playcount_scraper - INFO - Successfully processed: HOW U FEELIN by DJ Swisha - 0.06M plays
2025-07-09 03:43:23 - playcount_scraper - INFO - Successfully processed: Yoruba Riddim by Melé - 0.20M plays
2025-07-09 03:43:24 - playcount_scraper - INFO - Successfully processed: Colt by Dense & Pika - 0.16M plays
2025-07-09 03:43:25 - playcount_scraper - INFO - Successfully processed: Feel It by Floorplan - 0.80M plays
2025-07-09 03:43:26 - playcount_scraper - INFO - Successfully processed: DAY&NITE by Wilfy D - 0.27M plays
2025-07-09 03:43:27 - playcount_scraper - INFO - Successfully processed: Back To The Groove by Justin Jay - 5.08M plays
2025-07-09 03:43:28 - playcount_scraper - INFO - Successfully processed: Enough For Love - TAYHANA Remix by Kelela - 0.19M plays
2025-07-09 03:43:29 - playcount_scraper - INFO - Successfully processed: go! - George Daniel Remix by salute - 0.25M plays
2025-07-09 03:43:30 - playcount_scraper - INFO - Successfully processed: saving flowers - Hudson Mohawke Remix by salute - 0.25M plays
2025-07-09 03:43:31 - playcount_scraper - INFO - Successfully processed: BANG BANG by PAWSA - 5.66M plays
2025-07-09 03:43:33 - playcount_scraper - INFO - Successfully processed: Roll Play by PAWSA - 32.24M plays
2025-07-09 03:43:34 - playcount_scraper - INFO - Successfully processed: The Groovy Cat by PAWSA - 48.40M plays
2025-07-09 03:43:35 - playcount_scraper - INFO - Successfully processed: Calon by Overmono - 0.79M plays
2025-07-09 03:43:36 - playcount_scraper - INFO - Successfully processed: Skulled by Overmono - 0.82M plays
2025-07-09 03:43:37 - playcount_scraper - INFO - Successfully processed: So U Kno by Overmono - 14.16M plays
2025-07-09 03:43:38 - playcount_scraper - INFO - Successfully processed: Club classics by Charli xcx - 115.93M plays
2025-07-09 03:43:39 - playcount_scraper - INFO - Successfully processed: Boy Don't Waste My Time by Fonzo - 0.51M plays
2025-07-09 03:43:40 - playcount_scraper - INFO - Successfully processed: flex fm (freddit) feat. Future, Lil Yachty, Playboi Carti by Joy Orbison - 10.64M plays
2025-07-09 03:43:41 - playcount_scraper - INFO - Successfully processed: Beautiful People - Obskür Remix by Barbara Tucker - 19.30M plays
2025-07-09 03:43:43 - playcount_scraper - INFO - Successfully processed: llamando by camoufly - 1.40M plays
2025-07-09 03:43:44 - playcount_scraper - INFO - Successfully processed: KILL DEM by Jamie xx - 28.21M plays
2025-07-09 03:43:45 - playcount_scraper - INFO - Successfully processed: Maria Maria by TECH IT DEEP - 9.17M plays
2025-07-09 03:43:46 - playcount_scraper - INFO - Successfully processed: Slip (Zack Bia x Von Boch Remix) - Bonus by Majid Jordan - 0.26M plays
2025-07-09 03:43:47 - playcount_scraper - INFO - Successfully processed: Another Life - Marten Lou Remix by Naomi Sharon - 20.46M plays
2025-07-09 03:43:49 - playcount_scraper - INFO - Successfully processed: There Is Still Pain Left - Laolu Remix by Sophie Hunger - 12.05M plays
2025-07-09 03:43:50 - playcount_scraper - INFO - Successfully processed: Juju by Black Coffee - 2.08M plays
2025-07-09 03:43:52 - playcount_scraper - INFO - Successfully processed: You Are In My System - Club Mix by Kerri Chandler - 33.30M plays
2025-07-09 03:43:53 - playcount_scraper - INFO - Successfully processed: Down4Me by jsilos - 10.30M plays
2025-07-09 03:43:53 - playcount_scraper - INFO - Completed playcount extraction. Processed 44 tracks
2025-07-09 03:43:53 - multi_playlist_processor - INFO - Saved playlist data to logs/fuck_you_40_tracking.xlsx
2025-07-09 03:43:53 - playlist_manager - INFO - Merged 44 tracks to master file
