2025-07-16 20:28:37 - playcount_scraper - INFO - Starting playcount extraction for 4 tracks
2025-07-16 20:28:37 - playcount_scraper - INFO - Using column name: Playcounts 16.07.2025
2025-07-16 20:28:47 - playcount_scraper - INFO - Successfully processed: Never Gonna Give You Up by Rick Astley - 1018.36M plays
2025-07-16 20:28:48 - playcount_scraper - INFO - Successfully processed: Shape of You by Ed Sheeran - 4456.61M plays
2025-07-16 20:28:49 - playcount_scraper - INFO - Successfully processed: How You Like That by BLACKPINK - 1151.10M plays
2025-07-16 20:29:00 - playcount_scraper - WARNING - No playcount data found for 'Your Organization's Terrible' by WBRU - using 0 (likely WBRU production track)
2025-07-16 20:29:00 - playcount_scraper - INFO - Completed playcount extraction. Processed 4 tracks
2025-07-16 20:29:00 - playcount_tracker - INFO - Loading existing master file: logs/master_playcounts.xlsx
2025-07-16 20:29:00 - playcount_tracker - INFO - Adding playcounts for 4 tracks with column: Playcounts 16.07.2025
2025-07-16 20:29:00 - playcount_tracker - INFO - Added new track: Never Gonna Give You Up
2025-07-16 20:29:00 - playcount_tracker - INFO - Added new track: Shape of You
2025-07-16 20:29:00 - playcount_tracker - INFO - Added new track: How You Like That
2025-07-16 20:29:00 - playcount_tracker - INFO - Added new track: Your Organization's Terrible
2025-07-16 20:29:00 - playcount_tracker - INFO - Saved updated master file with 48 tracks
2025-07-16 20:29:00 - playcount_tracker - INFO - Loading existing master file: logs/master_playcounts.xlsx
2025-07-16 20:29:00 - playcount_tracker - INFO - Need at least 2 playcount measurements to calculate growth
2025-07-16 20:31:01 - playcount_scraper - INFO - Starting playcount extraction for 4 tracks
2025-07-16 20:31:01 - playcount_scraper - INFO - Using column name: Playcounts 16.07.2025
2025-07-16 20:31:05 - playcount_scraper - INFO - Successfully processed: Never Gonna Give You Up by Rick Astley - 1018.36M plays
2025-07-16 20:31:07 - playcount_scraper - INFO - Successfully processed: Shape of You by Ed Sheeran - 4456.61M plays
2025-07-16 20:31:08 - playcount_scraper - INFO - Successfully processed: How You Like That by BLACKPINK - 1151.10M plays
2025-07-16 20:31:18 - playcount_scraper - WARNING - No playcount data found for 'Your Organization's Terrible' by WBRU - using 0 (likely WBRU production track)
2025-07-16 20:31:18 - playcount_scraper - INFO - Completed playcount extraction. Processed 4 tracks
2025-07-16 20:31:18 - playcount_tracker - INFO - Creating new master file: logs/master_playcounts.xlsx
2025-07-16 20:31:19 - playcount_tracker - INFO - Adding playcounts for 4 tracks with column: Playcounts 16.07.2025
2025-07-16 20:31:19 - playcount_tracker - INFO - Saved updated master file with 4 tracks
2025-07-16 20:31:19 - playcount_tracker - INFO - Loading existing master file: logs/master_playcounts.xlsx
2025-07-16 20:31:19 - playcount_tracker - INFO - Need at least 2 playcount measurements to calculate growth
2025-07-16 20:37:09 - playcount_scraper - INFO - Starting playcount extraction for 2 tracks
2025-07-16 20:37:09 - playcount_scraper - INFO - Using column name: Playcounts 16.07.2025
2025-07-16 20:37:14 - playcount_scraper - INFO - Successfully processed: Never Gonna Give You Up by Rick Astley - 1018.36M plays
2025-07-16 20:37:25 - playcount_scraper - WARNING - No playcount data found for 'Your Organization's Terrible' by WBRU - using 0 (likely WBRU production track)
2025-07-16 20:37:25 - playcount_scraper - INFO - Completed playcount extraction. Processed 2 tracks
2025-07-16 20:37:25 - playcount_tracker - INFO - Creating new master file: logs/master_playcounts.xlsx
2025-07-16 20:37:25 - playcount_tracker - INFO - Adding playcounts for 2 tracks with column: Playcounts 16.07.2025
2025-07-16 20:37:25 - playcount_tracker - INFO - Saved updated master file with 2 tracks
2025-07-16 20:37:26 - playcount_scraper - INFO - Starting playcount extraction for 1 tracks
2025-07-16 20:37:26 - playcount_scraper - INFO - Using column name: Playcounts 16.07.2025
2025-07-16 20:37:30 - playcount_scraper - INFO - Successfully processed: Shape of You by Ed Sheeran - 4456.61M plays
2025-07-16 20:37:30 - playcount_scraper - INFO - Completed playcount extraction. Processed 1 tracks
2025-07-16 20:37:30 - playcount_tracker - INFO - Loading existing master file: logs/master_playcounts.xlsx
2025-07-16 20:37:30 - playcount_tracker - INFO - Adding playcounts for 1 tracks with column: Playcounts 16.07.2025
2025-07-16 20:37:30 - playcount_tracker - INFO - Added new track: Shape of You
2025-07-16 20:37:30 - playcount_tracker - INFO - Saved updated master file with 3 tracks
2025-07-16 20:37:30 - playcount_tracker - INFO - Loading existing master file: logs/master_playcounts.xlsx
2025-07-16 20:37:30 - playcount_tracker - INFO - Need at least 2 playcount measurements to calculate growth
2025-07-16 20:37:30 - playcount_tracker - INFO - Loading existing master file: logs/master_playcounts.xlsx
